{"/home/gbrogio/university/api-webservices/masterclass/src/utils/sum.ts": {"path":"/home/gbrogio/university/api-webservices/masterclass/src/utils/sum.ts","all":false,"statementMap":{"0":{"start":{"line":1,"column":0},"end":{"line":1,"column":9}},"1":{"start":{"line":2,"column":0},"end":{"line":2,"column":20}},"2":{"start":{"line":3,"column":0},"end":{"line":3,"column":12}},"3":{"start":{"line":4,"column":0},"end":{"line":4,"column":12}},"4":{"start":{"line":5,"column":0},"end":{"line":5,"column":3}},"5":{"start":{"line":6,"column":0},"end":{"line":6,"column":61}},"6":{"start":{"line":7,"column":0},"end":{"line":7,"column":55}},"7":{"start":{"line":8,"column":0},"end":{"line":8,"column":3}},"8":{"start":{"line":9,"column":0},"end":{"line":9,"column":0}},"9":{"start":{"line":10,"column":0},"end":{"line":10,"column":47}},"10":{"start":{"line":11,"column":0},"end":{"line":11,"column":69}},"11":{"start":{"line":12,"column":0},"end":{"line":12,"column":3}},"12":{"start":{"line":13,"column":0},"end":{"line":13,"column":0}},"13":{"start":{"line":14,"column":0},"end":{"line":14,"column":21}},"14":{"start":{"line":15,"column":0},"end":{"line":15,"column":1}}},"s":{"0":1,"1":7,"2":7,"3":7,"4":7,"5":7,"6":3,"7":3,"8":4,"9":7,"10":3,"11":3,"12":1,"13":1,"14":1},"branchMap":{"0":{"type":"branch","line":2,"loc":{"start":{"line":2,"column":0},"end":{"line":15,"column":1}},"locations":[{"start":{"line":2,"column":0},"end":{"line":15,"column":1}}]},"1":{"type":"branch","line":6,"loc":{"start":{"line":6,"column":30},"end":{"line":6,"column":58}},"locations":[{"start":{"line":6,"column":30},"end":{"line":6,"column":58}}]},"2":{"type":"branch","line":6,"loc":{"start":{"line":6,"column":60},"end":{"line":8,"column":3}},"locations":[{"start":{"line":6,"column":60},"end":{"line":8,"column":3}}]},"3":{"type":"branch","line":9,"loc":{"start":{"line":9,"column":-1},"end":{"line":10,"column":27}},"locations":[{"start":{"line":9,"column":-1},"end":{"line":10,"column":27}}]},"4":{"type":"branch","line":10,"loc":{"start":{"line":10,"column":23},"end":{"line":10,"column":44}},"locations":[{"start":{"line":10,"column":23},"end":{"line":10,"column":44}}]},"5":{"type":"branch","line":10,"loc":{"start":{"line":10,"column":46},"end":{"line":12,"column":3}},"locations":[{"start":{"line":10,"column":46},"end":{"line":12,"column":3}}]},"6":{"type":"branch","line":13,"loc":{"start":{"line":13,"column":-1},"end":{"line":15,"column":1}},"locations":[{"start":{"line":13,"column":-1},"end":{"line":15,"column":1}}]}},"b":{"0":[7],"1":[5],"2":[3],"3":[4],"4":[2],"5":[3],"6":[1]},"fnMap":{"0":{"name":"sum","decl":{"start":{"line":2,"column":0},"end":{"line":15,"column":1}},"loc":{"start":{"line":2,"column":0},"end":{"line":15,"column":1}},"line":2}},"f":{"0":7}}
}
