{"/home/gbrogio/university/api-webservices/masterclass/src/modules/webhook/util/validar-headers.ts": {"path":"/home/gbrogio/university/api-webservices/masterclass/src/modules/webhook/util/validar-headers.ts","all":false,"statementMap":{"0":{"start":{"line":1,"column":0},"end":{"line":1,"column":74}},"1":{"start":{"line":2,"column":0},"end":{"line":2,"column":29}},"2":{"start":{"line":3,"column":0},"end":{"line":3,"column":0}},"3":{"start":{"line":4,"column":0},"end":{"line":4,"column":14}},"4":{"start":{"line":5,"column":0},"end":{"line":5,"column":1}}},"s":{"0":1,"1":7,"2":7,"3":7,"4":7},"branchMap":{"0":{"type":"branch","line":1,"loc":{"start":{"line":1,"column":7},"end":{"line":5,"column":1}},"locations":[{"start":{"line":1,"column":7},"end":{"line":5,"column":1}}]},"1":{"type":"branch","line":2,"loc":{"start":{"line":2,"column":16},"end":{"line":2,"column":29}},"locations":[{"start":{"line":2,"column":16},"end":{"line":2,"column":29}}]}},"b":{"0":[7],"1":[0]},"fnMap":{"0":{"name":"validarHeaders","decl":{"start":{"line":1,"column":7},"end":{"line":5,"column":1}},"loc":{"start":{"line":1,"column":7},"end":{"line":5,"column":1}},"line":1}},"f":{"0":7}}
}
