TN:
SF:src/app.ts
FN:4,<instance_members_initializer>
FN:6,App
FN:13,start
FNF:3
FNH:2
FNDA:1,<instance_members_initializer>
FNDA:1,App
FNDA:0,start
DA:1,1
DA:2,1
DA:3,1
DA:4,1
DA:5,1
DA:6,1
DA:7,1
DA:8,1
DA:9,1
DA:10,1
DA:11,1
DA:12,1
DA:13,1
DA:14,0
DA:15,0
DA:16,0
DA:17,0
DA:18,0
DA:19,0
DA:20,0
DA:21,0
DA:22,0
DA:23,1
LF:23
LH:14
BRDA:4,0,0,1
BRDA:6,1,0,1
BRF:2
BRH:2
end_of_record
TN:
SF:src/modules/webhook/util/foo.ts
FN:1,foo
FNF:1
FNH:1
FNDA:8,foo
DA:1,8
DA:2,8
DA:3,1
DA:4,1
DA:5,7
DA:6,7
LF:6
LH:6
BRDA:1,0,0,8
BRDA:2,1,0,1
BRDA:5,2,0,7
BRF:3
BRH:3
end_of_record
TN:
SF:src/modules/webhook/util/validar-headers.ts
FN:3,validarHeaders
FNF:1
FNH:1
FNDA:8,validarHeaders
DA:1,1
DA:2,1
DA:3,1
DA:4,8
DA:5,8
DA:6,8
DA:7,8
LF:7
LH:7
BRDA:3,0,0,8
BRDA:4,1,0,1
BRDA:5,2,0,7
BRDA:5,3,0,1
BRF:4
BRH:4
end_of_record
